\BOOKMARK [1][-]{section.1}{\376\377\000O\000v\000e\000r\000v\000i\000e\000w}{}% 1
\BOOKMARK [1][-]{section.2}{\376\377\000M\000e\000t\000h\000o\000d\000s\000\040\000t\000o\000\040\000C\000o\000m\000p\000a\000r\000e}{}% 2
\BOOKMARK [2][-]{subsection.2.1}{\376\377\000B\000a\000s\000e\000l\000i\000n\000e\000s}{section.2}% 3
\BOOKMARK [2][-]{subsection.2.2}{\376\377\000A\000p\000p\000r\000o\000x\000i\000m\000a\000t\000e\000\040\000/\000\040\000S\000t\000r\000u\000c\000t\000u\000r\000e\000d\000\040\000M\000e\000t\000h\000o\000d\000s}{section.2}% 4
\BOOKMARK [1][-]{section.3}{\376\377\000P\000r\000a\000c\000t\000i\000c\000a\000l\000\040\000D\000a\000t\000a\000s\000e\000t\000s\000\040\000/\000\040\000W\000o\000r\000k\000l\000o\000a\000d\000s}{}% 5
\BOOKMARK [2][-]{subsection.3.1}{\376\377\000N\000e\000u\000r\000a\000l\000\040\000N\000e\000t\000w\000o\000r\000k\000\040\000L\000a\000y\000e\000r\000s\000\040\000\050\000H\000e\000a\000v\000y\000-\000T\000a\000i\000l\000e\000d\000\040\000/\000\040\000A\000p\000p\000r\000o\000x\000i\000m\000a\000t\000e\000\040\000L\000o\000w\000-\000R\000a\000n\000k\000\051}{section.3}% 6
\BOOKMARK [2][-]{subsection.3.2}{\376\377\000R\000e\000c\000o\000m\000m\000e\000n\000d\000e\000r\000\040\000S\000y\000s\000t\000e\000m\000s\000\040\000\050\000S\000p\000a\000r\000s\000e\000\040\000/\000\040\000L\000a\000t\000e\000n\000t\000\040\000F\000a\000c\000t\000o\000r\000s\000\051}{section.3}% 7
\BOOKMARK [2][-]{subsection.3.3}{\376\377\000D\000e\000n\000s\000e\000\040\000G\000a\000u\000s\000s\000i\000a\000n\000\040\000B\000e\000n\000c\000h\000m\000a\000r\000k\000\040\000\050\000U\000n\000s\000t\000r\000u\000c\000t\000u\000r\000e\000d\000\040\000/\000\040\000F\000u\000l\000l\000\040\000R\000a\000n\000k\000\051}{section.3}% 8
\BOOKMARK [1][-]{section.4}{\376\377\000U\000n\000i\000f\000i\000e\000d\000\040\000E\000x\000p\000e\000r\000i\000m\000e\000n\000t\000a\000l\000\040\000P\000r\000o\000t\000o\000c\000o\000l}{}% 9
\BOOKMARK [2][-]{subsection.4.1}{\376\377\000M\000a\000t\000r\000i\000x\000\040\000S\000i\000z\000e\000s}{section.4}% 10
\BOOKMARK [2][-]{subsection.4.2}{\376\377\000K\000e\000y\000\040\000M\000e\000t\000r\000i\000c\000s}{section.4}% 11
\BOOKMARK [2][-]{subsection.4.3}{\376\377\000P\000a\000r\000a\000m\000e\000t\000e\000r\000\040\000S\000w\000e\000e\000p\000s}{section.4}% 12
\BOOKMARK [1][-]{section.5}{\376\377\000J\000o\000i\000n\000t\000\040\000P\000l\000o\000t\000s\000\040\000\046\000\040\000T\000a\000b\000l\000e\000s}{}% 13
\BOOKMARK [2][-]{subsection.5.1}{\376\377\000E\000r\000r\000o\000r\000\040\000v\000s\000.\000\040\000R\000u\000n\000t\000i\000m\000e\000\040\000S\000c\000a\000t\000t\000e\000r\000\040\000\050\000P\000e\000r\000\040\000W\000o\000r\000k\000l\000o\000a\000d\000\051}{section.5}% 14
\BOOKMARK [2][-]{subsection.5.2}{\376\377\000S\000p\000e\000e\000d\000u\000p\000\040\000v\000s\000.\000\040\000E\000r\000r\000o\000r\000\040\000F\000r\000o\000n\000t\000i\000e\000r\000s}{section.5}% 15
\BOOKMARK [2][-]{subsection.5.3}{\376\377\040\034\000B\000e\000s\000t\000\040\000C\000o\000n\000f\000i\000g\000\040\000u\000n\000d\000e\000r\000\040\000X\000\045\000\040\000E\000r\000r\000o\000r\040\035\000\040\000S\000u\000m\000m\000a\000r\000y\000\040\000T\000a\000b\000l\000e}{section.5}% 16
\BOOKMARK [2][-]{subsection.5.4}{\376\377\000S\000c\000a\000l\000i\000n\000g\000\040\000w\000i\000t\000h\000\040\000M\000a\000t\000r\000i\000x\000\040\000S\000i\000z\000e}{section.5}% 17
\BOOKMARK [1][-]{section.6}{\376\377\000P\000u\000t\000t\000i\000n\000g\000\040\000I\000t\000\040\000i\000n\000\040\000W\000o\000r\000d\000s\000\040\000\050\000I\000n\000t\000e\000r\000p\000r\000e\000t\000a\000t\000i\000o\000n\000\051}{}% 18
\BOOKMARK [2][-]{subsection.6.1}{\376\377\000T\000h\000e\000\040\000L\000i\000m\000i\000t\000s\000\040\000o\000f\000\040\000E\000x\000a\000c\000t\000\040\000M\000e\000t\000h\000o\000d\000s}{section.6}% 19
\BOOKMARK [2][-]{subsection.6.2}{\376\377\000T\000h\000e\000\040\000U\000t\000i\000l\000i\000t\000y\000\040\000o\000f\000\040\000R\000M\000M\000\040\000\050\000S\000a\000m\000p\000l\000i\000n\000g\000\051}{section.6}% 20
\BOOKMARK [2][-]{subsection.6.3}{\376\377\000T\000h\000e\000\040\000D\000o\000m\000i\000n\000a\000n\000c\000e\000\040\000o\000f\000\040\000L\000o\000w\000-\000R\000a\000n\000k\000\040\000G\000E\000M\000M\000\040\000\050\000R\000S\000V\000D\000\051}{section.6}% 21
\BOOKMARK [2][-]{subsection.6.4}{\376\377\000C\000o\000n\000c\000l\000u\000s\000i\000o\000n\000:\000\040\000C\000o\000n\000t\000e\000x\000t\000-\000A\000w\000a\000r\000e\000\040\000A\000l\000g\000o\000r\000i\000t\000h\000m\000\040\000S\000e\000l\000e\000c\000t\000i\000o\000n}{section.6}% 22
\BOOKMARK [1][-]{section.7}{\376\377\000R\000a\000n\000d\000o\000m\000i\000z\000e\000d\000\040\000M\000a\000t\000r\000i\000x\000\040\000M\000u\000l\000t\000i\000p\000l\000i\000c\000a\000t\000i\000o\000n}{}% 23
\BOOKMARK [2][-]{subsection.7.1}{\376\377\000C\000o\000n\000c\000e\000p\000t\000u\000a\000l\000\040\000O\000v\000e\000r\000v\000i\000e\000w}{section.7}% 24
\BOOKMARK [2][-]{subsection.7.2}{\376\377\000T\000h\000e\000\040\000R\000M\000M\000\040\000E\000s\000t\000i\000m\000a\000t\000o\000r}{section.7}% 25
\BOOKMARK [2][-]{subsection.7.3}{\376\377\000C\000o\000r\000r\000e\000c\000t\000n\000e\000s\000s\000\040\000a\000n\000d\000\040\000P\000r\000o\000o\000f\000s}{section.7}% 26
\BOOKMARK [3][-]{subsubsection.7.3.1}{\376\377\000P\000r\000o\000o\000f\000\040\000o\000f\000\040\000U\000n\000b\000i\000a\000s\000e\000d\000n\000e\000s\000s}{subsection.7.3}% 27
\BOOKMARK [3][-]{subsubsection.7.3.2}{\376\377\000E\000r\000r\000o\000r\000\040\000B\000o\000u\000n\000d\000\040\000\050\000V\000a\000r\000i\000a\000n\000c\000e\000\040\000A\000n\000a\000l\000y\000s\000i\000s\000\051}{subsection.7.3}% 28
\BOOKMARK [3][-]{subsubsection.7.3.3}{\376\377\000D\000e\000r\000i\000v\000a\000t\000i\000o\000n\000\040\000o\000f\000\040\000O\000p\000t\000i\000m\000a\000l\000\040\000P\000r\000o\000b\000a\000b\000i\000l\000i\000t\000i\000e\000s}{subsection.7.3}% 29
\BOOKMARK [2][-]{subsection.7.4}{\376\377\000T\000i\000m\000e\000\040\000a\000n\000d\000\040\000S\000p\000a\000c\000e\000\040\000C\000o\000m\000p\000l\000e\000x\000i\000t\000y\000\040\000A\000n\000a\000l\000y\000s\000i\000s}{section.7}% 30
\BOOKMARK [3][-]{subsubsection.7.4.1}{\376\377\000E\000x\000a\000c\000t\000\040\000G\000E\000M\000M\000\040\000C\000o\000m\000p\000l\000e\000x\000i\000t\000y}{subsection.7.4}% 31
\BOOKMARK [3][-]{subsubsection.7.4.2}{\376\377\000R\000M\000M\000\040\000C\000o\000m\000p\000l\000e\000x\000i\000t\000y}{subsection.7.4}% 32
\BOOKMARK [3][-]{subsubsection.7.4.3}{\376\377\000T\000h\000e\000\040\000S\000p\000e\000e\000d\000u\000p\000\040\000C\000o\000n\000d\000i\000t\000i\000o\000n}{subsection.7.4}% 33
\BOOKMARK [2][-]{subsection.7.5}{\376\377\000E\000x\000p\000e\000r\000i\000m\000e\000n\000t\000a\000l\000\040\000W\000o\000r\000k\000f\000l\000o\000w\000:\000\040\000M\000a\000t\000r\000i\000x\000\040\000F\000a\000m\000i\000l\000i\000e\000s}{section.7}% 34
\BOOKMARK [3][-]{subsubsection.7.5.1}{\376\377\000F\000a\000m\000i\000l\000y\000\040\0001\000:\000\040\000D\000e\000n\000s\000e\000\040\000G\000a\000u\000s\000s\000i\000a\000n\000\040\000\050\000T\000h\000e\000\040\000"\000W\000o\000r\000s\000t\000\040\000C\000a\000s\000e\000"\000\040\000B\000a\000s\000e\000l\000i\000n\000e\000\051}{subsection.7.5}% 35
\BOOKMARK [3][-]{subsubsection.7.5.2}{\376\377\000F\000a\000m\000i\000l\000y\000\040\0002\000:\000\040\000L\000o\000w\000-\000R\000a\000n\000k\000\040\000M\000a\000t\000r\000i\000c\000e\000s}{subsection.7.5}% 36
\BOOKMARK [3][-]{subsubsection.7.5.3}{\376\377\000F\000a\000m\000i\000l\000y\000\040\0003\000:\000\040\000S\000p\000a\000r\000s\000e\000\040\000M\000a\000t\000r\000i\000c\000e\000s}{subsection.7.5}% 37
\BOOKMARK [3][-]{subsubsection.7.5.4}{\376\377\000F\000a\000m\000i\000l\000y\000\040\0004\000:\000\040\000N\000e\000u\000r\000a\000l\000-\000N\000e\000t\000w\000o\000r\000k\000-\000L\000i\000k\000e\000\040\000M\000a\000t\000r\000i\000c\000e\000s\000\040\000\050\000H\000e\000a\000v\000y\000-\000T\000a\000i\000l\000e\000d\000\051}{subsection.7.5}% 38
\BOOKMARK [2][-]{subsection.7.6}{\376\377\000M\000e\000t\000h\000o\000d\000o\000l\000o\000g\000y\000:\000\040\000E\000x\000p\000e\000r\000i\000m\000e\000n\000t\000s\000\040\000A\000c\000r\000o\000s\000s\000\040\000S\000t\000r\000u\000c\000t\000u\000r\000e}{section.7}% 39
\BOOKMARK [3][-]{subsubsection.7.6.1}{\376\377\000E\000x\000p\000e\000r\000i\000m\000e\000n\000t\000a\000l\000\040\000C\000o\000n\000s\000t\000a\000n\000t\000s}{subsection.7.6}% 40
\BOOKMARK [3][-]{subsubsection.7.6.2}{\376\377\000T\000h\000e\000\040\000L\000o\000o\000p}{subsection.7.6}% 41
\BOOKMARK [3][-]{subsubsection.7.6.3}{\376\377\000K\000e\000y\000\040\000A\000n\000a\000l\000y\000s\000i\000s\000:\000\040\000E\000r\000r\000o\000r\000\040\000v\000s\000.\000\040\000S\000t\000r\000u\000c\000t\000u\000r\000e}{subsection.7.6}% 42
\BOOKMARK [2][-]{subsection.7.7}{\376\377\000E\000x\000p\000e\000r\000i\000m\000e\000n\000t\000a\000l\000\040\000R\000e\000s\000u\000l\000t\000s}{section.7}% 43
\BOOKMARK [3][-]{subsubsection.7.7.1}{\376\377\000R\000u\000n\000t\000i\000m\000e\000\040\000a\000n\000d\000\040\000S\000p\000e\000e\000d\000u\000p\000\040\000A\000n\000a\000l\000y\000s\000i\000s}{subsection.7.7}% 44
\BOOKMARK [3][-]{subsubsection.7.7.2}{\376\377\000E\000r\000r\000o\000r\000\040\000C\000o\000n\000v\000e\000r\000g\000e\000n\000c\000e\000\040\000v\000s\000.\000\040\000S\000a\000m\000p\000l\000e\000\040\000S\000i\000z\000e}{subsection.7.7}% 45
\BOOKMARK [3][-]{subsubsection.7.7.3}{\376\377\000I\000m\000p\000a\000c\000t\000\040\000o\000f\000\040\000S\000t\000r\000u\000c\000t\000u\000r\000e\000\040\000o\000n\000\040\000S\000a\000m\000p\000l\000e\000\040\000C\000o\000m\000p\000l\000e\000x\000i\000t\000y}{subsection.7.7}% 46
\BOOKMARK [2][-]{subsection.7.8}{\376\377\000O\000b\000s\000e\000r\000v\000a\000t\000i\000o\000n\000s\000\040\000o\000n\000\040\000F\000i\000g\000u\000r\000e\000s}{section.7}% 47
\BOOKMARK [3][-]{subsubsection.7.8.1}{\376\377\000V\000a\000r\000i\000a\000n\000c\000e\000\040\000R\000e\000d\000u\000c\000t\000i\000o\000n\000\040\000v\000i\000a\000\040\000I\000m\000p\000o\000r\000t\000a\000n\000c\000e\000\040\000S\000a\000m\000p\000l\000i\000n\000g}{subsection.7.8}% 48
\BOOKMARK [3][-]{subsubsection.7.8.2}{\376\377\000T\000h\000e\000\040\000L\000o\000w\000-\000R\000a\000n\000k\000\040\000P\000h\000a\000s\000e\000\040\000T\000r\000a\000n\000s\000i\000t\000i\000o\000n}{subsection.7.8}% 49
\BOOKMARK [3][-]{subsubsection.7.8.3}{\376\377\000P\000e\000r\000f\000o\000r\000m\000a\000n\000c\000e\000\040\000o\000n\000\040\000S\000p\000a\000r\000s\000e\000\040\000D\000a\000t\000a}{subsection.7.8}% 50
\BOOKMARK [2][-]{subsection.7.9}{\376\377\000W\000h\000y\000\040\000a\000n\000d\000\040\000W\000h\000e\000r\000e\000\040\000R\000M\000M\000\040\000W\000o\000r\000k\000s\000\040\000i\000n\000\040\000P\000r\000a\000c\000t\000i\000c\000e}{section.7}% 51
\BOOKMARK [2][-]{subsection.7.10}{\376\377\000R\000e\000a\000l\000-\000W\000o\000r\000l\000d\000\040\000U\000s\000e\000\040\000C\000a\000s\000e\000s}{section.7}% 52
\BOOKMARK [2][-]{subsection.7.11}{\376\377\000C\000o\000n\000c\000l\000u\000s\000i\000o\000n}{section.7}% 53
\BOOKMARK [1][-]{section.8}{\376\377\000R\000a\000n\000d\000o\000m\000i\000z\000e\000d\000\040\000S\000V\000D\000\040\000\050\000R\000S\000V\000D\000\051}{}% 54
\BOOKMARK [2][-]{subsection.8.1}{\376\377\000C\000o\000n\000c\000e\000p\000t\000u\000a\000l\000\040\000O\000v\000e\000r\000v\000i\000e\000w}{section.8}% 55
\BOOKMARK [2][-]{subsection.8.2}{\376\377\000A\000l\000g\000o\000r\000i\000t\000h\000m\000\040\000D\000e\000s\000c\000r\000i\000p\000t\000i\000o\000n}{section.8}% 56
\BOOKMARK [2][-]{subsection.8.3}{\376\377\000T\000h\000e\000o\000r\000e\000t\000i\000c\000a\000l\000\040\000A\000n\000a\000l\000y\000s\000i\000s\000\040\000a\000n\000d\000\040\000P\000r\000o\000o\000f\000s}{section.8}% 57
\BOOKMARK [3][-]{subsubsection.8.3.1}{\376\377\000T\000h\000e\000\040\000O\000b\000j\000e\000c\000t\000i\000v\000e}{subsection.8.3}% 58
\BOOKMARK [3][-]{subsubsection.8.3.2}{\376\377\000P\000a\000r\000t\000i\000t\000i\000o\000n\000i\000n\000g\000\040\000t\000h\000e\000\040\000S\000p\000e\000c\000t\000r\000u\000m}{subsection.8.3}% 59
\BOOKMARK [3][-]{subsubsection.8.3.3}{\376\377\000P\000r\000o\000j\000e\000c\000t\000i\000o\000n\000\040\000A\000n\000a\000l\000y\000s\000i\000s}{subsection.8.3}% 60
\BOOKMARK [3][-]{subsubsection.8.3.4}{\376\377\000T\000h\000e\000\040\000D\000e\000t\000e\000r\000m\000i\000n\000i\000s\000t\000i\000c\000\040\000E\000r\000r\000o\000r\000\040\000B\000o\000u\000n\000d}{subsection.8.3}% 61
\BOOKMARK [3][-]{subsubsection.8.3.5}{\376\377\000P\000r\000o\000b\000a\000b\000i\000l\000i\000s\000t\000i\000c\000\040\000A\000v\000e\000r\000a\000g\000e\000-\000C\000a\000s\000e\000\040\000B\000o\000u\000n\000d}{subsection.8.3}% 62
\BOOKMARK [3][-]{subsubsection.8.3.6}{\376\377\000T\000h\000e\000\040\000R\000o\000l\000e\000\040\000o\000f\000\040\000P\000o\000w\000e\000r\000\040\000I\000t\000e\000r\000a\000t\000i\000o\000n\000s}{subsection.8.3}% 63
\BOOKMARK [2][-]{subsection.8.4}{\376\377\000C\000o\000m\000p\000l\000e\000x\000i\000t\000y\000\040\000A\000n\000a\000l\000y\000s\000i\000s}{section.8}% 64
\BOOKMARK [3][-]{subsubsection.8.4.1}{\376\377\000S\000t\000e\000p\000-\000b\000y\000-\000S\000t\000e\000p\000\040\000C\000o\000s\000t\000\040\000B\000r\000e\000a\000k\000d\000o\000w\000n}{subsection.8.4}% 65
\BOOKMARK [3][-]{subsubsection.8.4.2}{\376\377\000T\000o\000t\000a\000l\000\040\000C\000o\000m\000p\000l\000e\000x\000i\000t\000y\000\040\000C\000o\000m\000p\000a\000r\000i\000s\000o\000n}{subsection.8.4}% 66
\BOOKMARK [3][-]{subsubsection.8.4.3}{\376\377\000C\000o\000m\000p\000l\000e\000x\000i\000t\000y\000\040\000w\000i\000t\000h\000\040\000P\000o\000w\000e\000r\000\040\000I\000t\000e\000r\000a\000t\000i\000o\000n\000s}{subsection.8.4}% 67
\BOOKMARK [2][-]{subsection.8.5}{\376\377\000E\000x\000p\000e\000r\000i\000m\000e\000n\000t\000a\000l\000\040\000R\000e\000s\000u\000l\000t\000s}{section.8}% 68
\BOOKMARK [2][-]{subsection.8.6}{\376\377\000A\000p\000p\000r\000o\000x\000i\000m\000a\000t\000i\000o\000n\000\040\000Q\000u\000a\000l\000i\000t\000y\000\040\000a\000n\000d\000\040\000E\000r\000r\000o\000r\000\040\000I\000n\000t\000u\000i\000t\000i\000o\000n}{section.8}% 69
\BOOKMARK [3][-]{subsubsection.8.6.1}{\376\377\000T\000h\000e\000\040\000B\000a\000s\000e\000l\000i\000n\000e\000:\000\040\000E\000c\000k\000a\000r\000t\000-\000Y\000o\000u\000n\000g\000-\000M\000i\000r\000s\000k\000y\000\040\000T\000h\000e\000o\000r\000e\000m}{subsection.8.6}% 70
\BOOKMARK [3][-]{subsubsection.8.6.2}{\376\377\000I\000n\000t\000e\000r\000p\000r\000e\000t\000a\000t\000i\000o\000n\000\040\000o\000f\000\040\000O\000v\000e\000r\000s\000a\000m\000p\000l\000i\000n\000g\000\040\000\050\000p\000\051}{subsection.8.6}% 71
\BOOKMARK [3][-]{subsubsection.8.6.3}{\376\377\000I\000n\000t\000u\000i\000t\000i\000o\000n\000\040\000f\000o\000r\000\040\000P\000o\000w\000e\000r\000\040\000I\000t\000e\000r\000a\000t\000i\000o\000n\000s\000\040\000\050\000q\000\051}{subsection.8.6}% 72
\BOOKMARK [2][-]{subsection.8.7}{\376\377\000I\000m\000p\000l\000e\000m\000e\000n\000t\000a\000t\000i\000o\000n\000\040\000D\000e\000t\000a\000i\000l\000s\000\040\000\050\000P\000y\000t\000h\000o\000n\000\051}{section.8}% 73
\BOOKMARK [3][-]{subsubsection.8.7.1}{\376\377\000K\000e\000y\000\040\000D\000e\000s\000i\000g\000n\000\040\000C\000h\000o\000i\000c\000e\000s}{subsection.8.7}% 74
\BOOKMARK [3][-]{subsubsection.8.7.2}{\376\377\000P\000y\000t\000h\000o\000n\000\040\000I\000m\000p\000l\000e\000m\000e\000n\000t\000a\000t\000i\000o\000n\000\040\000C\000o\000d\000e}{subsection.8.7}% 75
\BOOKMARK [3][-]{subsubsection.8.7.3}{\376\377\000M\000e\000m\000o\000r\000y\000\040\000M\000a\000n\000a\000g\000e\000m\000e\000n\000t\000\040\000N\000o\000t\000e}{subsection.8.7}% 76
\BOOKMARK [2][-]{subsection.8.8}{\376\377\000E\000x\000p\000e\000r\000i\000m\000e\000n\000t\000a\000l\000\040\000W\000o\000r\000k\000f\000l\000o\000w\000\040\000f\000o\000r\000\040\000R\000S\000V\000D}{section.8}% 77
\BOOKMARK [3][-]{subsubsection.8.8.1}{\376\377\000D\000a\000t\000a\000s\000e\000t\000\040\000G\000e\000n\000e\000r\000a\000t\000i\000o\000n\000\040\000\050\000M\000a\000t\000r\000i\000x\000\040\000F\000a\000m\000i\000l\000i\000e\000s\000\051}{subsection.8.8}% 78
\BOOKMARK [3][-]{subsubsection.8.8.2}{\376\377\000M\000e\000t\000r\000i\000c\000s\000\040\000f\000o\000r\000\040\000E\000v\000a\000l\000u\000a\000t\000i\000o\000n}{subsection.8.8}% 79
\BOOKMARK [3][-]{subsubsection.8.8.3}{\376\377\000E\000x\000p\000e\000r\000i\000m\000e\000n\000t\000a\000l\000\040\000P\000r\000o\000c\000e\000d\000u\000r\000e}{subsection.8.8}% 80
\BOOKMARK [2][-]{subsection.8.9}{\376\377\000P\000r\000a\000c\000t\000i\000c\000a\000l\000\040\000A\000p\000p\000l\000i\000c\000a\000t\000i\000o\000n\000s\000\040\000o\000f\000\040\000R\000S\000V\000D}{section.8}% 81
\BOOKMARK [3][-]{subsubsection.8.9.1}{\376\377\000D\000i\000m\000e\000n\000s\000i\000o\000n\000a\000l\000i\000t\000y\000\040\000R\000e\000d\000u\000c\000t\000i\000o\000n\000\040\000\050\000P\000C\000A\000\051}{subsection.8.9}% 82
\BOOKMARK [3][-]{subsubsection.8.9.2}{\376\377\000I\000m\000a\000g\000e\000\040\000C\000o\000m\000p\000r\000e\000s\000s\000i\000o\000n\000\040\000a\000n\000d\000\040\000D\000e\000n\000o\000i\000s\000i\000n\000g}{subsection.8.9}% 83
\BOOKMARK [3][-]{subsubsection.8.9.3}{\376\377\000L\000a\000t\000e\000n\000t\000\040\000S\000e\000m\000a\000n\000t\000i\000c\000\040\000A\000n\000a\000l\000y\000s\000i\000s\000\040\000\050\000L\000S\000A\000\051\000\040\000i\000n\000\040\000N\000L\000P}{subsection.8.9}% 84
\BOOKMARK [3][-]{subsubsection.8.9.4}{\376\377\000P\000r\000e\000-\000p\000r\000o\000c\000e\000s\000s\000i\000n\000g\000\040\000f\000o\000r\000\040\000M\000a\000t\000r\000i\000x\000\040\000M\000u\000l\000t\000i\000p\000l\000i\000c\000a\000t\000i\000o\000n}{subsection.8.9}% 85
\BOOKMARK [2][-]{subsection.8.10}{\376\377\000C\000o\000n\000c\000l\000u\000s\000i\000o\000n}{section.8}% 86
\BOOKMARK [3][-]{subsubsection.8.10.1}{\376\377\000S\000u\000m\000m\000a\000r\000y\000\040\000o\000f\000\040\000K\000e\000y\000\040\000F\000i\000n\000d\000i\000n\000g\000s}{subsection.8.10}% 87
\BOOKMARK [1][-]{section.9}{\376\377\000T\000w\000o\000-\000S\000i\000d\000e\000d\000\040\000R\000a\000n\000d\000o\000m\000i\000z\000e\000d\000\040\000L\000o\000w\000-\000R\000a\000n\000k\000\040\000G\000E\000M\000M}{}% 88
\BOOKMARK [2][-]{subsection.9.1}{\376\377\000C\000o\000n\000c\000e\000p\000t\000u\000a\000l\000\040\000O\000v\000e\000r\000v\000i\000e\000w}{section.9}% 89
\BOOKMARK [2][-]{subsection.9.2}{\376\377\000L\000o\000w\000-\000R\000a\000n\000k\000\040\000F\000a\000c\000t\000o\000r\000i\000z\000a\000t\000i\000o\000n\000s\000\040\000v\000i\000a\000\040\000R\000S\000V\000D}{section.9}% 90
\BOOKMARK [2][-]{subsection.9.3}{\376\377\000T\000w\000o\000-\000S\000i\000d\000e\000d\000\040\000L\000o\000w\000-\000R\000a\000n\000k\000\040\000G\000E\000M\000M\000\040\000A\000l\000g\000o\000r\000i\000t\000h\000m}{section.9}% 91
\BOOKMARK [3][-]{subsubsection.9.3.1}{\376\377\000D\000e\000r\000i\000v\000a\000t\000i\000o\000n\000\040\000o\000f\000\040\000t\000h\000e\000\040\000C\000o\000u\000p\000l\000i\000n\000g\000\040\000M\000a\000t\000r\000i\000x}{subsection.9.3}% 92
\BOOKMARK [3][-]{subsubsection.9.3.2}{\376\377\000A\000l\000g\000o\000r\000i\000t\000h\000m\000i\000c\000\040\000S\000t\000e\000p\000s}{subsection.9.3}% 93
\BOOKMARK [3][-]{subsubsection.9.3.3}{\376\377\000T\000o\000t\000a\000l\000\040\000C\000o\000m\000p\000l\000e\000x\000i\000t\000y\000\040\000A\000n\000a\000l\000y\000s\000i\000s}{subsection.9.3}% 94
\BOOKMARK [2][-]{subsection.9.4}{\376\377\000A\000p\000p\000r\000o\000x\000i\000m\000a\000t\000i\000o\000n\000\040\000I\000n\000t\000u\000i\000t\000i\000o\000n\000\040\000a\000n\000d\000\040\000E\000r\000r\000o\000r\000\040\000B\000o\000u\000n\000d\000s}{section.9}% 95
\BOOKMARK [2][-]{subsection.9.5}{\376\377\000T\000i\000m\000e\000\040\000a\000n\000d\000\040\000S\000p\000a\000c\000e\000\040\000C\000o\000m\000p\000l\000e\000x\000i\000t\000y\000\040\000A\000n\000a\000l\000y\000s\000i\000s}{section.9}% 96
\BOOKMARK [3][-]{subsubsection.9.5.1}{\376\377\000S\000p\000a\000c\000e\000\040\000C\000o\000m\000p\000l\000e\000x\000i\000t\000y}{subsection.9.5}% 97
\BOOKMARK [3][-]{subsubsection.9.5.2}{\376\377\000T\000i\000m\000e\000\040\000C\000o\000m\000p\000l\000e\000x\000i\000t\000y}{subsection.9.5}% 98
\BOOKMARK [3][-]{subsubsection.9.5.3}{\376\377\000S\000p\000e\000e\000d\000u\000p\000\040\000F\000a\000c\000t\000o\000r}{subsection.9.5}% 99
\BOOKMARK [2][-]{subsection.9.6}{\376\377\000E\000x\000p\000e\000r\000i\000m\000e\000n\000t\000a\000l\000\040\000W\000o\000r\000k\000f\000l\000o\000w}{section.9}% 100
\BOOKMARK [3][-]{subsubsection.9.6.1}{\376\377\000M\000a\000t\000r\000i\000x\000\040\000F\000a\000m\000i\000l\000i\000e\000s}{subsection.9.6}% 101
\BOOKMARK [3][-]{subsubsection.9.6.2}{\376\377\000E\000x\000p\000e\000r\000i\000m\000e\000n\000t\000a\000l\000\040\000P\000r\000o\000c\000e\000d\000u\000r\000e}{subsection.9.6}% 102
\BOOKMARK [3][-]{subsubsection.9.6.3}{\376\377\000M\000e\000t\000r\000i\000c\000s}{subsection.9.6}% 103
\BOOKMARK [2][-]{subsection.9.7}{\376\377\000E\000x\000p\000e\000r\000i\000m\000e\000n\000t\000a\000l\000\040\000R\000e\000s\000u\000l\000t\000s}{section.9}% 104
\BOOKMARK [3][-]{subsubsection.9.7.1}{\376\377\000E\000r\000r\000o\000r\000\040\000C\000o\000n\000v\000e\000r\000g\000e\000n\000c\000e\000\040\000v\000s\000.\000\040\000R\000a\000n\000k}{subsection.9.7}% 105
\BOOKMARK [3][-]{subsubsection.9.7.2}{\376\377\000C\000o\000m\000p\000u\000t\000a\000t\000i\000o\000n\000a\000l\000\040\000S\000p\000e\000e\000d\000u\000p}{subsection.9.7}% 106
\BOOKMARK [3][-]{subsubsection.9.7.3}{\376\377\000T\000h\000e\000\040\000A\000c\000c\000u\000r\000a\000c\000y\000-\000E\000f\000f\000i\000c\000i\000e\000n\000c\000y\000\040\000P\000a\000r\000e\000t\000o\000\040\000F\000r\000o\000n\000t\000i\000e\000r}{subsection.9.7}% 107
\BOOKMARK [3][-]{subsubsection.9.7.4}{\376\377\000R\000u\000n\000t\000i\000m\000e\000\040\000S\000c\000a\000l\000i\000n\000g\000\040\000w\000i\000t\000h\000\040\000M\000a\000t\000r\000i\000x\000\040\000S\000i\000z\000e}{subsection.9.7}% 108
\BOOKMARK [2][-]{subsection.9.8}{\376\377\000O\000b\000s\000e\000r\000v\000a\000t\000i\000o\000n\000s\000\040\000a\000n\000d\000\040\000I\000n\000t\000e\000r\000p\000r\000e\000t\000a\000t\000i\000o\000n}{section.9}% 109
\BOOKMARK [3][-]{subsubsection.9.8.1}{\376\377\000T\000h\000e\000\040\000R\000o\000l\000e\000\040\000o\000f\000\040\000S\000p\000e\000c\000t\000r\000a\000l\000\040\000D\000e\000c\000a\000y}{subsection.9.8}% 110
\BOOKMARK [3][-]{subsubsection.9.8.2}{\376\377\000M\000e\000m\000o\000r\000y\000\040\000B\000a\000n\000d\000w\000i\000d\000t\000h\000\040\000v\000s\000.\000\040\000F\000L\000O\000P\000s}{subsection.9.8}% 111
\BOOKMARK [3][-]{subsubsection.9.8.3}{\376\377\000T\000h\000e\000\040\000"\000S\000w\000e\000e\000t\000\040\000S\000p\000o\000t\000"\000\040\000f\000o\000r\000\040\000R\000a\000n\000k\000\040\000S\000e\000l\000e\000c\000t\000i\000o\000n}{subsection.9.8}% 112
\BOOKMARK [2][-]{subsection.9.9}{\376\377\000P\000r\000a\000c\000t\000i\000c\000a\000l\000\040\000R\000e\000a\000l\000-\000W\000o\000r\000l\000d\000\040\000U\000s\000e\000\040\000C\000a\000s\000e\000s}{section.9}% 113
\BOOKMARK [3][-]{subsubsection.9.9.1}{\376\377\000D\000e\000e\000p\000\040\000L\000e\000a\000r\000n\000i\000n\000g\000\040\000I\000n\000f\000e\000r\000e\000n\000c\000e\000\040\000A\000c\000c\000e\000l\000e\000r\000a\000t\000i\000o\000n\000\040\000\050\000L\000o\000R\000A\000\051}{subsection.9.9}% 114
\BOOKMARK [3][-]{subsubsection.9.9.2}{\376\377\000R\000e\000c\000o\000m\000m\000e\000n\000d\000e\000r\000\040\000S\000y\000s\000t\000e\000m\000s}{subsection.9.9}% 115
\BOOKMARK [3][-]{subsubsection.9.9.3}{\376\377\000S\000c\000i\000e\000n\000t\000i\000f\000i\000c\000\040\000C\000o\000m\000p\000u\000t\000i\000n\000g\000:\000\040\000K\000e\000r\000n\000e\000l\000\040\000M\000e\000t\000h\000o\000d\000s}{subsection.9.9}% 116
\BOOKMARK [3][-]{subsubsection.9.9.4}{\376\377\000P\000r\000i\000v\000a\000c\000y\000-\000P\000r\000e\000s\000e\000r\000v\000i\000n\000g\000\040\000C\000o\000m\000p\000u\000t\000i\000n\000g}{subsection.9.9}% 117
\BOOKMARK [2][-]{subsection.9.10}{\376\377\000C\000o\000n\000c\000l\000u\000s\000i\000o\000n\000\040\000\050\000T\000w\000o\000-\000S\000i\000d\000e\000d\000\040\000G\000E\000M\000M\000\051}{section.9}% 118
\BOOKMARK [1][-]{section.10}{\376\377\000O\000v\000e\000r\000a\000l\000l\000\040\000C\000o\000m\000p\000a\000r\000i\000s\000o\000n\000\040\000a\000n\000d\000\040\000S\000c\000a\000l\000i\000n\000g}{}% 119
